2022-02-24 00:42:04 [test code] info : GET /join 304 "회원가입 화면으로 이동"
2022-02-24 00:42:04 [test code] info : GET /join 304 "회원가입 화면으로 이동"
2022-02-24 00:42:04 [test code] info : GET /login 304 "로그인 화면으로 이동"
2022-02-24 00:42:04 [test code] info : GET /login 304 "로그인 화면으로 이동"
2022-02-24 00:42:04 [test code] info : GET /join 304 "회원가입 화면으로 이동"
2022-02-24 00:45:04 [test code] info : GET /login 304 "로그인 화면으로 이동"
2022-02-24 01:07:04 [test code] info : GET / 304 "홈 화면으로 이동"
2022-02-24 01:42:04 [test code] info : GET / 304 "홈 화면으로 이동"
2022-02-24 01:42:04 [test code] info : GET /login 304 "로그인 화면으로 이동"
2022-02-24 01:43:04 [test code] info : GET /login 304 "로그인 화면으로 이동"
2022-02-24 01:50:04 [test code] info : GET /join 304 "회원가입 화면으로 이동"
2022-02-24 01:50:04 [test code] info : GET /join 304 "회원가입 화면으로 이동"
2022-02-24 02:15:04 [test code] info : GET / 304 "홈 화면으로 이동"
2022-02-24 02:15:04 [test code] info : GET /join 304 "회원가입 화면으로 이동"
2022-02-24 02:15:04 [test code] info : GET /join 304 "회원가입 화면으로 이동"
2022-02-24 02:21:04 [test code] info : GET /login 304 "로그인 화면으로 이동"
2022-02-24 02:21:04 [test code] info : GET /join 304 "회원가입 화면으로 이동"
2022-02-24 02:21:04 [test code] info : GET /join 304 "회원가입 화면으로 이동"
2022-02-24 02:21:04 [test code] info : GET /join 304 "회원가입 화면으로 이동"
2022-02-24 02:21:04 [test code] info : GET /join 304 "회원가입 화면으로 이동"
2022-02-24 02:21:04 [test code] info : GET /join 304 "회원가입 화면으로 이동"
2022-02-24 02:22:04 [test code] info : GET / 304 "홈 화면으로 이동"
2022-02-24 02:22:04 [test code] info : GET /join 304 "회원가입 화면으로 이동"
2022-02-24 02:23:04 [test code] info : GET / 304 "홈 화면으로 이동"
2022-02-24 02:23:04 [test code] info : GET /login 304 "로그인 화면으로 이동"
2022-02-24 02:23:04 [test code] info : GET /join 304 "회원가입 화면으로 이동"
2022-02-24 02:28:04 [test code] info : GET /join 304 "회원가입 화면으로 이동"
2022-02-24 02:28:04 [test code] info : GET /join 304 "회원가입 화면으로 이동"
2022-02-24 02:45:04 [test code] info : GET /login 304 "로그인 화면으로 이동"
2022-02-24 02:45:04 [test code] info : GET /join 304 "회원가입 화면으로 이동"
2022-02-24 02:45:04 [test code] info : GET /join 304 "회원가입 화면으로 이동"
2022-02-24 02:45:04 [test code] info : GET /join 304 "회원가입 화면으로 이동"
2022-02-24 02:45:04 [test code] info : GET /join 304 "회원가입 화면으로 이동"
2022-02-24 02:50:04 [test code] info : GET /join 304 "회원가입 화면으로 이동"
2022-02-24 02:50:04 [test code] info : GET /join 304 "회원가입 화면으로 이동"
2022-02-24 02:50:04 [test code] info : GET /join 304 "회원가입 화면으로 이동"
2022-02-24 02:51:04 [test code] info : GET /join 304 "회원가입 화면으로 이동"
2022-02-24 03:08:04 [test code] info : GET /join 304 "회원가입 화면으로 이동"
2022-02-24 03:08:04 [test code] info : GET /join 304 "회원가입 화면으로 이동"
2022-02-24 03:08:04 [test code] info : GET /join 304 "회원가입 화면으로 이동"
2022-02-24 03:08:04 [test code] info : GET /join 304 "회원가입 화면으로 이동"
2022-02-24 03:08:04 [test code] info : GET /join 304 "회원가입 화면으로 이동"
2022-02-24 03:08:04 [test code] info : GET /join 304 "회원가입 화면으로 이동"
2022-02-24 03:08:04 [test code] info : GET /join 304 "회원가입 화면으로 이동"
2022-02-24 03:08:04 [test code] info : GET /join 304 "회원가입 화면으로 이동"
2022-02-24 03:08:04 [test code] info : GET /join 304 "회원가입 화면으로 이동"
2022-02-24 03:08:04 [test code] info : GET /join 304 "회원가입 화면으로 이동"
2022-02-24 03:09:04 [test code] info : GET /join 304 "회원가입 화면으로 이동"
2022-02-24 03:09:04 [test code] info : GET /join 304 "회원가입 화면으로 이동"
2022-02-24 03:26:04 [test code] info : GET /join 304 "회원가입 화면으로 이동"
2022-02-24 03:26:04 [test code] info : GET /join 304 "회원가입 화면으로 이동"
2022-02-24 03:26:04 [test code] info : GET /join 304 "회원가입 화면으로 이동"
2022-02-24 03:26:04 [test code] info : GET /join 304 "회원가입 화면으로 이동"
2022-02-24 03:26:04 [test code] info : GET /join 304 "회원가입 화면으로 이동"
2022-02-24 03:26:04 [test code] info : GET /join 304 "회원가입 화면으로 이동"
2022-02-24 03:26:04 [test code] info : GET /join 304 "회원가입 화면으로 이동"
2022-02-24 03:26:04 [test code] info : GET /join 304 "회원가입 화면으로 이동"
2022-02-24 03:26:04 [test code] info : GET /join 304 "회원가입 화면으로 이동"
2022-02-24 03:41:04 [test code] info : GET /join 304 "회원가입 화면으로 이동"
2022-02-24 03:41:04 [test code] info : GET /join 304 "회원가입 화면으로 이동"
2022-02-24 03:41:04 [test code] info : GET /join 304 "회원가입 화면으로 이동"
2022-02-24 03:41:04 [test code] info : GET /join 304 "회원가입 화면으로 이동"
2022-02-24 03:41:04 [test code] info : GET /join 304 "회원가입 화면으로 이동"
2022-02-24 03:41:04 [test code] info : GET /join 304 "회원가입 화면으로 이동"
2022-02-24 09:07:04 [test code] info : GET / 304 "홈 화면으로 이동"
2022-02-24 09:07:04 [test code] info : GET /join 304 "회원가입 화면으로 이동"
2022-02-24 09:09:04 [test code] info : GET /join 304 "회원가입 화면으로 이동"
2022-02-24 09:13:04 [test code] info : GET /join 304 "회원가입 화면으로 이동"
2022-02-24 09:23:04 [test code] info : GET /join 304 "회원가입 화면으로 이동"
2022-02-24 09:28:04 [test code] info : GET /join 304 "회원가입 화면으로 이동"
2022-02-24 09:28:04 [test code] info : GET /join 304 "회원가입 화면으로 이동"
2022-02-24 09:35:04 [test code] info : GET /join 304 "회원가입 화면으로 이동"
2022-02-24 09:36:04 [test code] info : GET /join 304 "회원가입 화면으로 이동"
2022-02-24 09:36:04 [test code] info : GET /join 304 "회원가입 화면으로 이동"
2022-02-24 09:38:04 [test code] info : GET /join 304 "회원가입 화면으로 이동"
2022-02-24 09:38:04 [test code] info : GET /join 304 "회원가입 화면으로 이동"
2022-02-24 09:45:04 [test code] info : GET /join 304 "회원가입 화면으로 이동"
2022-02-24 09:50:04 [test code] info : GET /login 304 "로그인 화면으로 이동"
2022-02-24 09:50:04 [test code] info : GET /join 304 "회원가입 화면으로 이동"
2022-02-24 09:56:04 [test code] info : GET /login 304 "로그인 화면으로 이동"
2022-02-24 09:56:04 [test code] info : GET /login 304 "로그인 화면으로 이동"
2022-02-24 09:56:04 [test code] info : GET /login 304 "로그인 화면으로 이동"
2022-02-24 09:59:04 [test code] info : GET /login 304 "로그인 화면으로 이동"
2022-02-24 09:59:04 [test code] info : GET /join 304 "회원가입 화면으로 이동"
2022-02-24 09:59:04 [test code] info : GET /join 304 "회원가입 화면으로 이동"
2022-02-24 09:59:04 [test code] info : GET /join 304 "회원가입 화면으로 이동"
2022-02-24 09:59:04 [test code] info : GET /join 304 "회원가입 화면으로 이동"
2022-02-24 09:59:04 [test code] info : GET /join 304 "회원가입 화면으로 이동"
2022-02-24 09:59:04 [test code] info : GET /join 304 "회원가입 화면으로 이동"
2022-02-24 09:59:04 [test code] info : GET /join 304 "회원가입 화면으로 이동"
2022-02-24 09:59:04 [test code] info : GET /join 304 "회원가입 화면으로 이동"
2022-02-24 09:59:04 [test code] info : GET /join 304 "회원가입 화면으로 이동"
2022-02-24 09:59:04 [test code] info : GET /join 304 "회원가입 화면으로 이동"
2022-02-24 09:59:04 [test code] info : GET /join 304 "회원가입 화면으로 이동"
2022-02-24 10:07:04 [test code] info : GET /login 304 "로그인 화면으로 이동"
2022-02-24 10:07:04 [test code] info : GET /login 304 "로그인 화면으로 이동"
2022-02-24 10:08:04 [test code] info : GET /login 304 "로그인 화면으로 이동"
2022-02-24 10:08:04 [test code] info : GET /login 304 "로그인 화면으로 이동"
2022-02-24 10:08:04 [test code] info : GET /login 304 "로그인 화면으로 이동"
2022-02-24 10:08:04 [test code] info : GET /login 304 "로그인 화면으로 이동"
2022-02-24 10:19:04 [test code] info : GET /login 304 "로그인 화면으로 이동"
2022-02-24 10:19:04 [test code] info : GET /login 304 "로그인 화면으로 이동"
2022-02-24 10:19:04 [test code] info : GET /login 304 "로그인 화면으로 이동"
2022-02-24 10:19:04 [test code] info : GET /login 304 "로그인 화면으로 이동"
2022-02-24 10:19:04 [test code] info : GET /login 304 "로그인 화면으로 이동"
2022-02-24 10:19:04 [test code] info : GET /login 304 "로그인 화면으로 이동"
2022-02-24 10:19:04 [test code] info : GET /login 304 "로그인 화면으로 이동"
2022-02-24 10:19:04 [test code] info : GET /login 304 "로그인 화면으로 이동"
2022-02-24 10:19:04 [test code] info : GET /login 304 "로그인 화면으로 이동"
2022-02-24 10:19:04 [test code] info : GET /login 304 "로그인 화면으로 이동"
2022-02-24 10:19:04 [test code] info : GET /login 304 "로그인 화면으로 이동"
2022-02-24 10:19:04 [test code] info : GET /login 304 "로그인 화면으로 이동"
2022-02-24 10:19:04 [test code] info : GET /login 304 "로그인 화면으로 이동"
2022-02-24 10:19:04 [test code] info : GET /login 304 "로그인 화면으로 이동"
2022-02-24 10:19:04 [test code] info : GET /login 304 "로그인 화면으로 이동"
2022-02-24 10:19:04 [test code] info : GET /login 304 "로그인 화면으로 이동"
2022-02-24 10:19:04 [test code] info : GET /login 304 "로그인 화면으로 이동"
2022-02-24 10:19:04 [test code] info : GET /login 304 "로그인 화면으로 이동"
2022-02-24 10:20:04 [test code] info : GET /login 304 "로그인 화면으로 이동"
2022-02-24 10:20:04 [test code] info : GET /login 304 "로그인 화면으로 이동"
2022-02-24 10:20:04 [test code] info : GET /login 304 "로그인 화면으로 이동"
2022-02-24 10:20:04 [test code] info : GET /login 304 "로그인 화면으로 이동"
2022-02-24 10:20:04 [test code] info : GET /login 304 "로그인 화면으로 이동"
2022-02-24 10:20:04 [test code] info : GET /login 304 "로그인 화면으로 이동"
2022-02-24 10:20:04 [test code] info : GET /login 304 "로그인 화면으로 이동"
2022-02-24 10:21:04 [test code] info : GET /login 304 "로그인 화면으로 이동"
2022-02-24 10:21:04 [test code] info : GET /join 304 "회원가입 화면으로 이동"
2022-02-24 10:21:04 [test code] info : GET /join 304 "회원가입 화면으로 이동"
2022-02-24 10:21:04 [test code] info : GET /join 304 "회원가입 화면으로 이동"
2022-02-24 10:21:04 [test code] info : GET /join 304 "회원가입 화면으로 이동"
2022-02-24 10:21:04 [test code] info : GET /join 304 "회원가입 화면으로 이동"
2022-02-24 11:01:04 [test code] info : GET /join 304 "회원가입 화면으로 이동"
2022-02-24 11:01:04 [test code] info : GET /join 304 "회원가입 화면으로 이동"
2022-02-24 11:04:04 [test code] info : GET /join 304 "회원가입 화면으로 이동"
2022-02-24 11:04:04 [test code] info : GET /join 304 "회원가입 화면으로 이동"
2022-02-24 11:04:04 [test code] info : GET /join 304 "회원가입 화면으로 이동"
2022-02-24 11:04:04 [test code] info : GET /join 304 "회원가입 화면으로 이동"
2022-02-24 11:04:04 [test code] info : GET /join 304 "회원가입 화면으로 이동"
2022-02-24 11:04:04 [test code] info : GET /join 304 "회원가입 화면으로 이동"
2022-02-24 11:07:04 [test code] info : GET /join 304 "회원가입 화면으로 이동"
2022-02-24 11:07:04 [test code] info : GET /join 304 "회원가입 화면으로 이동"
2022-02-24 11:07:04 [test code] info : GET /join 304 "회원가입 화면으로 이동"
2022-02-24 11:10:04 [test code] info : GET /join 304 "회원가입 화면으로 이동"
2022-02-24 11:10:04 [test code] info : GET /join 304 "회원가입 화면으로 이동"
2022-02-24 11:10:04 [test code] info : GET /join 304 "회원가입 화면으로 이동"
2022-02-24 11:10:04 [test code] info : GET /join 304 "회원가입 화면으로 이동"
2022-02-24 11:10:04 [test code] info : GET /join 304 "회원가입 화면으로 이동"
2022-02-24 11:11:04 [test code] info : GET /join 304 "회원가입 화면으로 이동"
2022-02-24 11:11:04 [test code] info : GET /join 304 "회원가입 화면으로 이동"
2022-02-24 11:11:04 [test code] info : GET /join 304 "회원가입 화면으로 이동"
2022-02-24 11:11:04 [test code] info : GET /join 304 "회원가입 화면으로 이동"
2022-02-24 11:11:04 [test code] info : GET /join 304 "회원가입 화면으로 이동"
2022-02-24 11:11:04 [test code] info : GET /join 304 "회원가입 화면으로 이동"
2022-02-24 11:11:04 [test code] info : GET /join 304 "회원가입 화면으로 이동"
2022-02-24 11:11:04 [test code] info : GET /join 304 "회원가입 화면으로 이동"
2022-02-24 11:11:04 [test code] info : GET /join 304 "회원가입 화면으로 이동"
2022-02-24 11:11:04 [test code] info : GET /join 304 "회원가입 화면으로 이동"
2022-02-24 11:11:04 [test code] info : GET /join 304 "회원가입 화면으로 이동"
2022-02-24 11:11:04 [test code] info : GET /join 304 "회원가입 화면으로 이동"
2022-02-24 11:11:04 [test code] info : GET /join 304 "회원가입 화면으로 이동"
2022-02-24 11:11:04 [test code] info : GET /join 304 "회원가입 화면으로 이동"
2022-02-24 11:11:04 [test code] info : GET /join 304 "회원가입 화면으로 이동"
2022-02-24 11:11:04 [test code] info : GET /join 304 "회원가입 화면으로 이동"
2022-02-24 11:11:04 [test code] info : GET /join 304 "회원가입 화면으로 이동"
2022-02-24 11:11:04 [test code] info : GET /join 304 "회원가입 화면으로 이동"
2022-02-24 11:27:04 [test code] info : GET /join 304 "회원가입 화면으로 이동"
2022-02-24 13:06:04 [test code] info : GET /join 304 "회원가입 화면으로 이동"
2022-02-24 13:06:04 [test code] info : GET /join 304 "회원가입 화면으로 이동"
2022-02-24 13:06:04 [test code] info : GET /join 304 "회원가입 화면으로 이동"
2022-02-24 13:11:04 [test code] info : GET /join 304 "회원가입 화면으로 이동"
2022-02-24 13:11:04 [test code] info : GET /join 304 "회원가입 화면으로 이동"
2022-02-24 13:11:04 [test code] info : GET /join 304 "회원가입 화면으로 이동"
2022-02-24 13:11:04 [test code] info : GET /join 304 "회원가입 화면으로 이동"
2022-02-24 13:11:04 [test code] info : GET /join 304 "회원가입 화면으로 이동"
2022-02-24 13:11:04 [test code] info : GET /join 304 "회원가입 화면으로 이동"
2022-02-24 13:11:04 [test code] info : GET /join 304 "회원가입 화면으로 이동"
2022-02-24 13:11:04 [test code] info : GET /join 304 "회원가입 화면으로 이동"
2022-02-24 13:11:04 [test code] info : GET /join 304 "회원가입 화면으로 이동"
2022-02-24 13:13:04 [test code] info : GET /join 304 "회원가입 화면으로 이동"
2022-02-24 13:40:04 [test code] info : GET /join 304 "회원가입 화면으로 이동"
2022-02-24 13:40:04 [test code] info : GET /join 304 "회원가입 화면으로 이동"
2022-02-24 13:40:04 [test code] info : GET /join 304 "회원가입 화면으로 이동"
2022-02-24 13:41:04 [test code] info : GET /join 304 "회원가입 화면으로 이동"
2022-02-24 13:41:04 [test code] info : GET /join 304 "회원가입 화면으로 이동"
2022-02-24 13:41:04 [test code] info : GET /join 304 "회원가입 화면으로 이동"
2022-02-24 13:41:04 [test code] info : GET /join 304 "회원가입 화면으로 이동"
2022-02-24 13:41:04 [test code] info : GET /join 304 "회원가입 화면으로 이동"
2022-02-24 13:41:04 [test code] info : GET /join 304 "회원가입 화면으로 이동"
2022-02-24 13:42:04 [test code] info : GET /join 304 "회원가입 화면으로 이동"
2022-02-24 13:43:04 [test code] info : GET /join 304 "회원가입 화면으로 이동"
2022-02-24 13:46:04 [test code] info : GET /join 304 "회원가입 화면으로 이동"
2022-02-24 13:46:04 [test code] info : GET /join 304 "회원가입 화면으로 이동"
2022-02-24 13:46:04 [test code] info : GET /join 304 "회원가입 화면으로 이동"
2022-02-24 13:46:04 [test code] info : GET /join 304 "회원가입 화면으로 이동"
2022-02-24 13:46:04 [test code] info : GET /join 304 "회원가입 화면으로 이동"
2022-02-24 13:46:04 [test code] info : GET /join 304 "회원가입 화면으로 이동"
2022-02-24 13:46:04 [test code] info : GET /join 304 "회원가입 화면으로 이동"
2022-02-24 13:46:04 [test code] info : GET /join 304 "회원가입 화면으로 이동"
2022-02-24 13:46:04 [test code] info : GET / 304 "홈 화면으로 이동"
2022-02-24 13:46:04 [test code] info : GET /join 304 "회원가입 화면으로 이동"
2022-02-24 13:46:04 [test code] info : GET /join 304 "회원가입 화면으로 이동"
2022-02-24 13:46:04 [test code] info : GET /join 304 "회원가입 화면으로 이동"
2022-02-24 13:49:04 [test code] info : GET /join 304 "회원가입 화면으로 이동"
2022-02-24 13:49:04 [test code] info : GET /join 304 "회원가입 화면으로 이동"
2022-02-24 13:49:04 [test code] info : GET /join 304 "회원가입 화면으로 이동"
2022-02-24 13:49:04 [test code] info : GET /join 304 "회원가입 화면으로 이동"
2022-02-24 13:49:04 [test code] info : GET /join 304 "회원가입 화면으로 이동"
2022-02-24 13:49:04 [test code] info : GET /join 304 "회원가입 화면으로 이동"
2022-02-24 13:49:04 [test code] info : GET /join 304 "회원가입 화면으로 이동"
2022-02-24 13:49:04 [test code] info : GET /join 304 "회원가입 화면으로 이동"
2022-02-24 13:49:04 [test code] info : GET /join 304 "회원가입 화면으로 이동"
2022-02-24 13:49:04 [test code] info : GET /join 304 "회원가입 화면으로 이동"
2022-02-24 13:52:04 [test code] info : GET /join 304 "회원가입 화면으로 이동"
2022-02-24 13:52:04 [test code] info : GET /join 304 "회원가입 화면으로 이동"
2022-02-24 13:52:04 [test code] info : GET /join 304 "회원가입 화면으로 이동"
2022-02-24 13:52:04 [test code] info : GET /join 304 "회원가입 화면으로 이동"
2022-02-24 13:56:04 [test code] info : GET /join 304 "회원가입 화면으로 이동"
2022-02-24 14:00:04 [test code] info : GET /join 304 "회원가입 화면으로 이동"
2022-02-24 14:00:04 [test code] info : GET /join 304 "회원가입 화면으로 이동"
2022-02-24 14:00:04 [test code] info : GET /join 304 "회원가입 화면으로 이동"
2022-02-24 14:01:04 [test code] info : GET /join 304 "회원가입 화면으로 이동"
2022-02-24 14:01:04 [test code] info : GET /join 304 "회원가입 화면으로 이동"
2022-02-24 14:02:04 [test code] info : GET /join 304 "회원가입 화면으로 이동"
2022-02-24 14:03:04 [test code] info : GET /join 304 "회원가입 화면으로 이동"
2022-02-24 14:06:04 [test code] info : GET /join 304 "회원가입 화면으로 이동"
2022-02-24 14:06:04 [test code] info : GET /join 304 "회원가입 화면으로 이동"
2022-02-24 14:11:04 [test code] info : GET /join 304 "회원가입 화면으로 이동"
2022-02-24 14:11:04 [test code] info : GET /join 304 "회원가입 화면으로 이동"
2022-02-24 14:11:04 [test code] info : GET /join 304 "회원가입 화면으로 이동"
2022-02-24 14:11:04 [test code] info : GET /join 304 "회원가입 화면으로 이동"
2022-02-24 14:13:04 [test code] info : GET /join 304 "회원가입 화면으로 이동"
2022-02-24 14:15:04 [test code] info : GET /join 304 "회원가입 화면으로 이동"
2022-02-24 14:15:04 [test code] info : GET /join 304 "회원가입 화면으로 이동"
2022-02-24 14:15:04 [test code] info : GET /join 304 "회원가입 화면으로 이동"
2022-02-24 14:20:04 [test code] info : POST /join 201 Response: true 
2022-02-24 14:20:04 [test code] info : GET /login 304 "로그인 화면으로 이동"
2022-02-24 14:20:04 [test code] info : GET /join 304 "회원가입 화면으로 이동"
2022-02-24 14:26:04 [test code] info : GET /login 304 "로그인 화면으로 이동"
2022-02-24 14:26:04 [test code] info : POST /login 200 Response: false 존재하지 않는 아이디입니다.
2022-02-24 14:26:04 [test code] info : GET /login 304 "로그인 화면으로 이동"
2022-02-24 14:26:04 [test code] info : POST /login 200 Response: false 존재하지 않는 아이디입니다.
2022-02-24 14:26:04 [test code] info : GET /login 304 "로그인 화면으로 이동"
2022-02-24 14:26:04 [test code] info : POST /login 200 Response: true 
2022-02-24 14:26:04 [test code] info : GET /login 304 "로그인 화면으로 이동"
2022-02-24 14:26:04 [test code] info : GET / 304 "홈 화면으로 이동"
2022-02-24 14:36:04 [test code] info : GET /login 304 "로그인 화면으로 이동"
2022-02-24 14:36:04 [test code] info : POST /login 200 Response: true 
2022-02-24 14:36:04 [test code] info : GET /login 304 "로그인 화면으로 이동"
2022-02-24 14:36:04 [test code] info : GET / 304 "홈 화면으로 이동"
2022-02-24 15:09:04 [test code] info : GET /login 304 "로그인 화면으로 이동"
2022-02-24 15:09:04 [test code] info : GET /join 304 "회원가입 화면으로 이동"
